p/1711451135601.jpeg 1 0 0 3024 4032
p/1711451135602.jpeg 1 0 0 3024 4032
p/1711451135604.jpeg 1 0 0 3024 4032
p/1711451135605.jpeg 1 0 0 3024 4032
p/1711451135606.jpeg 1 0 0 3024 4032
p/1711451135608.jpeg 1 0 0 3024 4032
p/1711451135609.jpeg 1 0 0 3024 4032
p/1711451135610.jpeg 1 0 0 3024 4032
p/1711451135611.jpeg 1 0 0 3024 4032
p/1711451135612.jpeg 1 0 0 3024 4032
p/1711451135614.jpeg 1 0 0 3024 4032
p/1711451135616.jpeg 1 0 0 3024 4032
p/1711451135617.jpeg 1 0 0 3024 4032
p/1711451135618.jpeg 1 0 0 3024 4032
p/1711451135619.jpeg 1 0 0 3024 4032
p/1711451135621.jpeg 1 0 0 3024 4032
p/1711451135622.jpeg 1 0 0 3024 4032
p/1711451135624.jpeg 1 0 0 3024 4032
p/1711451135625.jpeg 1 0 0 3024 4032
p/1711451135626.jpeg 1 0 0 3024 4032
p/1711449906654.jpeg 1 0 0 3000 4000
p/1711449906667.jpeg 1 0 0 3000 4000
p/1711449906668.jpeg 1 0 0 3000 4000
p/1711449906669.jpeg 1 0 0 506 1523
p/1711449906670.jpeg 1 0 0 506 1523
p/1711449906672.jpeg 1 0 0 3000 4000
p/1711449906673.jpeg 1 0 0 3000 4000
p/1711449906674.jpeg 1 0 0 527 1599
p/1711449906675.jpeg 1 0 0 3000 4000
p/1711449906676.jpeg 1 0 0 1494 502
p/1711449906677.jpeg 1 0 0 3000 4000
p/1711449906678.jpeg 1 0 0 568 1043
p/1711449906679.jpeg 1 0 0 533 1599
p/1711449906680.jpeg 1 0 0 506 1523
p/1711449906681.jpeg 1 0 0 572 1600
p/1711449906682.jpeg 1 0 0 533 1600
p/1711451135497.jpeg 1 0 0 3000 4000
p/1711451135509.jpeg 1 0 0 3000 4000
p/1711451135511.jpeg 1 0 0 3000 4000
p/1711451135512.jpeg 1 0 0 3000 4000
p/1711451135513.jpeg 1 0 0 3000 4000
p/1711451135515.jpeg 1 0 0 3000 4000
p/1711451135516.jpeg 1 0 0 3000 4000
p/1711451135518.jpeg 1 0 0 3000 4000
p/1711451135520.jpeg 1 0 0 3000 4000
p/1711451135521.jpeg 1 0 0 3000 4000
p/1711451135523.jpeg 1 0 0 3000 4000
p/1711451135524.jpeg 1 0 0 3000 4000
p/1711451135525.jpeg 1 0 0 506 1523
p/1711451135527.jpeg 1 0 0 506 1523
p/1711451135529.jpeg 1 0 0 506 1523
p/1711451135530.jpeg 1 0 0 506 1523
p/1711451135532.jpeg 1 0 0 506 1523
p/1711451135533.jpeg 1 0 0 506 1523
p/1711451135535.jpeg 1 0 0 506 1523
p/1711451135536.jpeg 1 0 0 506 1523
p/1711451135537.jpeg 1 0 0 3000 4000
p/1711451135539.jpeg 1 0 0 3000 4000
p/1711451135540.jpeg 1 0 0 3000 4000
p/1711451135541.jpeg 1 0 0 3000 4000
p/1711451135543.jpeg 1 0 0 3000 4000
p/1711451135544.jpeg 1 0 0 3000 4000
p/1711451135546.jpeg 1 0 0 3000 4000
p/1711451135547.jpeg 1 0 0 3000 4000
p/1711451135549.jpeg 1 0 0 527 1599
p/1711451135551.jpeg 1 0 0 527 1599
p/1711451135553.jpeg 1 0 0 527 1599
p/1711451135555.jpeg 1 0 0 527 1599
p/1711451135556.jpeg 1 0 0 3000 4000
p/1711451135558.jpeg 1 0 0 3000 4000
p/1711451135559.jpeg 1 0 0 3000 4000
p/1711451135560.jpeg 1 0 0 3000 4000
p/1711451135562.jpeg 1 0 0 1494 502
p/1711451135564.jpeg 1 0 0 1494 502
p/1711451135565.jpeg 1 0 0 1494 502
p/1711451135567.jpeg 1 0 0 1494 502
p/1711451135568.jpeg 1 0 0 3000 4000
p/1711451135569.jpeg 1 0 0 3000 4000
p/1711451135570.jpeg 1 0 0 3000 4000
p/1711451135571.jpeg 1 0 0 3000 4000
p/1711451135573.jpeg 1 0 0 568 1043
p/1711451135576.jpeg 1 0 0 568 1043
p/1711451135577.jpeg 1 0 0 568 1043
p/1711451135578.jpeg 1 0 0 568 1043
p/1711451135580.jpeg 1 0 0 533 1599
p/1711451135581.jpeg 1 0 0 533 1599
p/1711451135583.jpeg 1 0 0 533 1599
p/1711451135584.jpeg 1 0 0 533 1599
p/1711451135585.jpeg 1 0 0 506 1523
p/1711451135586.jpeg 1 0 0 506 1523
p/1711451135588.jpeg 1 0 0 506 1523
p/1711451135589.jpeg 1 0 0 506 1523
p/1711451135590.jpeg 1 0 0 572 1600
p/1711451135592.jpeg 1 0 0 572 1600
p/1711451135593.jpeg 1 0 0 572 1600
p/1711451135594.jpeg 1 0 0 572 1600
p/1711451135596.jpeg 1 0 0 533 1600
p/1711451135597.jpeg 1 0 0 533 1600
p/1711451135598.jpeg 1 0 0 533 1600
p/1711451135600.jpeg 1 0 0 533 1600